This file contains any messages produced by compilers while
running configure, to aid debugging if configure makes a mistake.

It was created by configure, which was
generated by GNU Autoconf 2.63.  Invocation command line was

  $ ./configure 

## --------- ##
## Platform. ##
## --------- ##

hostname = oneadmin03.cern.ch
uname -m = x86_64
uname -r = 2.6.32-279.5.1.el6.x86_64
uname -s = Linux
uname -v = #1 SMP Wed Aug 15 10:59:17 CEST 2012

/usr/bin/uname -p = unknown
/bin/uname -X     = unknown

/bin/arch              = x86_64
/usr/bin/arch -k       = unknown
/usr/convex/getsysinfo = unknown
/usr/bin/hostinfo      = unknown
/bin/machine           = unknown
/usr/bin/oslevel       = unknown
/bin/universe          = unknown

PATH: /afs/cern.ch/user/u/uschwick/apache-maven-2.2.1/bin
PATH: /usr/sue/bin
PATH: /usr/local/bin
PATH: /bin
PATH: /usr/bin
PATH: /usr/local/sbin
PATH: /usr/sbin
PATH: /sbin
PATH: /afs/cern.ch/user/u/uschwick/bin
PATH: ./
PATH: /usr/bin/mpirun
PATH: /usr/sbin
PATH: /sbin


## ----------- ##
## Core tests. ##
## ----------- ##

configure:1774: checking for a BSD-compatible install
configure:1842: result: /usr/bin/install -c
configure:1853: checking whether build environment is sane
configure:1913: result: yes
configure:2054: checking for a thread-safe mkdir -p
configure:2093: result: /bin/mkdir -p
configure:2106: checking for gawk
configure:2122: found /bin/gawk
configure:2133: result: gawk
configure:2144: checking whether make sets $(MAKE)
configure:2166: result: yes
configure:2389: creating ./config.status

## ---------------------- ##
## Running config.status. ##
## ---------------------- ##

This file was extended by config.status, which was
generated by GNU Autoconf 2.63.  Invocation command line was

  CONFIG_FILES    = 
  CONFIG_HEADERS  = 
  CONFIG_LINKS    = 
  CONFIG_COMMANDS = 
  $ ./config.status 

on oneadmin03.cern.ch

config.status:667: creating Makefile
config.status:667: creating cloudman/etc/Makefile
config.status:667: creating cloudman/script/Makefile
config.status:667: creating export/Makefile
config.status:667: creating cloudman/Makefile
config.status:667: creating doc/Makefile
config.status:667: creating Documents/Makefile
config.status:667: creating backends/LSF/Makefile

## ---------------- ##
## Cache variables. ##
## ---------------- ##

ac_cv_env_build_alias_set=
ac_cv_env_build_alias_value=
ac_cv_env_host_alias_set=
ac_cv_env_host_alias_value=
ac_cv_env_target_alias_set=
ac_cv_env_target_alias_value=
ac_cv_path_install='/usr/bin/install -c'
ac_cv_path_mkdir=/bin/mkdir
ac_cv_prog_AWK=gawk
ac_cv_prog_make_make_set=yes

## ----------------- ##
## Output variables. ##
## ----------------- ##

ACLOCAL='${SHELL} /afs/cern.ch/user/u/uschwick/cloudman/missing --run aclocal-1.11'
AMTAR='${SHELL} /afs/cern.ch/user/u/uschwick/cloudman/missing --run tar'
AUTOCONF='${SHELL} /afs/cern.ch/user/u/uschwick/cloudman/missing --run autoconf'
AUTOHEADER='${SHELL} /afs/cern.ch/user/u/uschwick/cloudman/missing --run autoheader'
AUTOMAKE='${SHELL} /afs/cern.ch/user/u/uschwick/cloudman/missing --run automake-1.11'
AWK='gawk'
CYGPATH_W='echo'
DEFS='-DPACKAGE_NAME=\"\" -DPACKAGE_TARNAME=\"\" -DPACKAGE_VERSION=\"\" -DPACKAGE_STRING=\"\" -DPACKAGE_BUGREPORT=\"\" -DPACKAGE=\"cloudman\" -DVERSION=\"0.1.1\"'
ECHO_C=''
ECHO_N='-n'
ECHO_T=''
INSTALL_DATA='${INSTALL} -m 644'
INSTALL_PROGRAM='${INSTALL}'
INSTALL_SCRIPT='${INSTALL}'
INSTALL_STRIP_PROGRAM='$(install_sh) -c -s'
LIBOBJS=''
LIBS=''
LTLIBOBJS=''
MAKEINFO='${SHELL} /afs/cern.ch/user/u/uschwick/cloudman/missing --run makeinfo'
MKDIR_P='/bin/mkdir -p'
PACKAGE='cloudman'
PACKAGE_BUGREPORT=''
PACKAGE_NAME=''
PACKAGE_STRING=''
PACKAGE_TARNAME=''
PACKAGE_VERSION=''
PATH_SEPARATOR=':'
SET_MAKE=''
SHELL='/bin/sh'
STRIP=''
VERSION='0.1.1'
am__isrc=''
am__leading_dot='.'
am__tar='${AMTAR} chof - "$$tardir"'
am__untar='${AMTAR} xf -'
bindir='${exec_prefix}/bin'
build_alias=''
datadir='${datarootdir}'
datarootdir='${prefix}/share'
docdir='${datarootdir}/doc/${PACKAGE}'
dvidir='${docdir}'
exec_prefix='${prefix}'
host_alias=''
htmldir='${docdir}'
includedir='${prefix}/include'
infodir='${datarootdir}/info'
install_sh='${SHELL} /afs/cern.ch/user/u/uschwick/cloudman/install-sh'
libdir='${exec_prefix}/lib'
libexecdir='${exec_prefix}/libexec'
localedir='${datarootdir}/locale'
localstatedir='${prefix}/var'
mandir='${datarootdir}/man'
mkdir_p='/bin/mkdir -p'
oldincludedir='/usr/include'
pdfdir='${docdir}'
prefix='/usr/local'
program_transform_name='s,x,x,'
psdir='${docdir}'
sbindir='${exec_prefix}/sbin'
sharedstatedir='${prefix}/com'
sysconfdir='${prefix}/etc'
target_alias=''

## ----------- ##
## confdefs.h. ##
## ----------- ##

#define PACKAGE_NAME ""
#define PACKAGE_TARNAME ""
#define PACKAGE_VERSION ""
#define PACKAGE_STRING ""
#define PACKAGE_BUGREPORT ""
#define PACKAGE "cloudman"
#define VERSION "0.1.1"

configure: exit 0

## ---------------------- ##
## Running config.status. ##
## ---------------------- ##

This file was extended by config.status, which was
generated by GNU Autoconf 2.63.  Invocation command line was

  CONFIG_FILES    = 
  CONFIG_HEADERS  = 
  CONFIG_LINKS    = 
  CONFIG_COMMANDS = 
  $ ./config.status doc/Makefile

on oneadmin03.cern.ch

config.status:667: creating doc/Makefile
