This is pdfTeX, Version 3.1415926-1.40.10 (TeX Live 2009/Debian) (format=latex 2012.4.27)  9 OCT 2012 11:05
entering extended mode
 %&-line parsing enabled.
**design.tex
(./design.tex
LaTeX2e <2009/09/24>
Babel <v3.8l> and hyphenation patterns for english, usenglishmax, dumylang, noh
yphenation, farsi, arabic, croatian, bulgarian, ukrainian, russian, czech, slov
ak, danish, dutch, finnish, french, basque, ngerman, german, german-x-2009-06-1
9, ngerman-x-2009-06-19, ibycus, monogreek, greek, ancientgreek, hungarian, san
skrit, italian, latin, latvian, lithuanian, mongolian2a, mongolian, bokmal, nyn
orsk, romanian, irish, coptic, serbian, turkish, welsh, esperanto, uppersorbian
, estonian, indonesian, interlingua, icelandic, kurmanji, slovenian, polish, po
rtuguese, spanish, galician, catalan, swedish, ukenglish, pinyin, loaded.
(/usr/share/texmf-texlive/tex/latex/base/article.cls
Document Class: article 2007/10/19 v1.4h Standard LaTeX document class
(/usr/share/texmf-texlive/tex/latex/base/size12.clo
File: size12.clo 2007/10/19 v1.4h Standard LaTeX file (size option)
)
\c@part=\count79
\c@section=\count80
\c@subsection=\count81
\c@subsubsection=\count82
\c@paragraph=\count83
\c@subparagraph=\count84
\c@figure=\count85
\c@table=\count86
\abovecaptionskip=\skip41
\belowcaptionskip=\skip42
\bibindent=\dimen102
)
(/usr/share/texmf-texlive/tex/latex/graphics/epsfig.sty
Package: epsfig 1999/02/16 v1.7a (e)psfig emulation (SPQR)

(/usr/share/texmf-texlive/tex/latex/graphics/graphicx.sty
Package: graphicx 1999/02/16 v1.0f Enhanced LaTeX Graphics (DPC,SPQR)

(/usr/share/texmf-texlive/tex/latex/graphics/keyval.sty
Package: keyval 1999/03/16 v1.13 key=value parser (DPC)
\KV@toks@=\toks14
)
(/usr/share/texmf-texlive/tex/latex/graphics/graphics.sty
Package: graphics 2009/02/05 v1.0o Standard LaTeX Graphics (DPC,SPQR)

(/usr/share/texmf-texlive/tex/latex/graphics/trig.sty
Package: trig 1999/03/16 v1.09 sin cos tan (DPC)
)
(/etc/texmf/tex/latex/config/graphics.cfg
File: graphics.cfg 2009/08/28 v1.8 graphics configuration of TeX Live
)
Package graphics Info: Driver file: dvips.def on input line 91.

(/usr/share/texmf-texlive/tex/latex/graphics/dvips.def
File: dvips.def 1999/02/16 v3.0i Driver-dependant file (DPC,SPQR)
))
\Gin@req@height=\dimen103
\Gin@req@width=\dimen104
)
\epsfxsize=\dimen105
\epsfysize=\dimen106
)
(/usr/share/texmf-texlive/tex/latex/ntgclass/a4.sty
Package: a4 2004/04/15 v1.2g A4 based page layout
)
(/usr/share/texmf-texlive/tex/latex/draftcopy/draftcopy.sty
Package: draftcopy 2002/02/25 v2.16
\draftcopy@hour=\count87
\draftcopy@minute=\count88

(/usr/share/texmf-texlive/tex/latex/draftcopy/draftcopy.cfg)
Prints DRAFT on pages; does not show in your DVI viewer
) (./design.aux)
\openout1 = `design.aux'.

LaTeX Font Info:    Checking defaults for OML/cmm/m/it on input line 4.
LaTeX Font Info:    ... okay on input line 4.
LaTeX Font Info:    Checking defaults for T1/cmr/m/n on input line 4.
LaTeX Font Info:    ... okay on input line 4.
LaTeX Font Info:    Checking defaults for OT1/cmr/m/n on input line 4.
LaTeX Font Info:    ... okay on input line 4.
LaTeX Font Info:    Checking defaults for OMS/cmsy/m/n on input line 4.
LaTeX Font Info:    ... okay on input line 4.
LaTeX Font Info:    Checking defaults for OMX/cmex/m/n on input line 4.
LaTeX Font Info:    ... okay on input line 4.
LaTeX Font Info:    Checking defaults for U/cmr/m/n on input line 4.
LaTeX Font Info:    ... okay on input line 4.
LaTeX Font Info:    External font `cmex10' loaded for size
(Font)              <14.4> on input line 10.
LaTeX Font Info:    External font `cmex10' loaded for size
(Font)              <7> on input line 10.
 (./design.toc
LaTeX Font Info:    External font `cmex10' loaded for size
(Font)              <12> on input line 4.
LaTeX Font Info:    External font `cmex10' loaded for size
(Font)              <8> on input line 4.
LaTeX Font Info:    External font `cmex10' loaded for size
(Font)              <6> on input line 4.
 [1

])
\tf@toc=\write3
\openout3 = `design.toc'.

 (./design.lof)
\tf@lof=\write4
\openout4 = `design.lof'.

 [2] (./design.lot
Overfull \hbox (28.09229pt too wide) in paragraph at lines 4--4
 [][] []\OT1/cmr/m/n/12 Group al-lo-ca-tions for the batch project as done by t
he CMS[]batchadmin. 
 []


Overfull \hbox (28.09229pt too wide) in paragraph at lines 5--5
 [][] []\OT1/cmr/m/n/12 Group al-lo-ca-tions for the batch project as done by t
he CMS[]batchadmin. 
 []

[3])
\tf@lot=\write5
\openout5 = `design.lot'.

 (./introduction.tex) (./purpose.tex
LaTeX Font Info:    Try loading font information for OMS+cmr on input line 7.

(/usr/share/texmf-texlive/tex/latex/base/omscmr.fd
File: omscmr.fd 1999/05/25 v2.5h Standard LaTeX font definitions
)
LaTeX Font Info:    Font shape `OMS/cmr/m/n' in size <12> not available
(Font)              Font shape `OMS/cmsy/m/n' tried instead on input line 7.
 [4]) (./definitions.tex
Overfull \hbox (7.56244pt too wide) in paragraph at lines 17--18
[]\OT1/cmr/m/n/12 Resource types are de-fined through the web in-ter-face and s
tored in the database.
 []

[5]
File: cerncase.eps Graphic file (type eps)
 <cerncase.eps>
Overfull \hbox (9.3991pt too wide) in paragraph at lines 58--66
 [] 
 []

[6] [7]
Overfull \hbox (65.63324pt too wide) in paragraph at lines 77--86
 [] 
 []

LaTeX Font Info:    External font `cmex10' loaded for size
(Font)              <5> on input line 93.
[8] [9] [10]) (./Phase2Goals.tex [11] [12]
Overfull \hbox (26.11916pt too wide) in paragraph at lines 45--46
[]\OT1/cmr/m/n/12 the data ex-port is done in a ma-chine read-able way, eg via 
a XML,JSON,yaml
 []

) (./backendtypes.tex [13]
Overfull \hbox (1.78749pt too wide) in paragraph at lines 24--25
[]\OT1/cmr/m/n/12 project back-ends need to pro-vide an in-ter-face which al-lo
ws au-to-matic shrink-
 []

[14]) (./backendsamples.tex (./LSFBatchShares.tex [15]) (./CloudBackends.tex
[16]) (./OpenStack.tex) (./OpenNebula.tex)) (./afs.tex [17]) (./eos.tex
[18]) (./castor.tex) (./details.tex
File: cloudman_highlevel.eps Graphic file (type eps)
 <cloudman_highlevel.eps>) (./lld_schema.tex [19] [20]) (./backendstate_schema.
tex
Overfull \hbox (27.43071pt too wide) in paragraph at lines 4--15
 [] 
 []


Overfull \hbox (14.76695pt too wide) in paragraph at lines 21--37
 [] 
 []

[21]) (./ddb_schema.tex
File: cloudman_db.eps Graphic file (type eps)
 <cloudman_db.eps>) (./bib.tex [22] [23]
Overfull \hbox (257.96681pt too wide) in paragraph at lines 11--12
[]\OT1/cmr/m/n/12 https://espace.cern.ch/authentication/CERN%20Authentication%2
0Help/Integrate%20CERN%20SSO%20in%20Apache.aspx 
 []

) [24] [25] (./design.aux) ) 
Here is how much of TeX's memory you used:
 830 strings out of 493849
 10567 string characters out of 1152846
 67829 words of memory out of 3000000
 4077 multiletter control sequences out of 15000+50000
 9932 words of font info for 35 fonts, out of 3000000 for 9000
 714 hyphenation exceptions out of 8191
 32i,8n,21p,945b,285s stack positions out of 5000i,500n,10000p,200000b,50000s

Output written on design.dvi (25 pages, 74344 bytes).
